e:\opengl\learnopengl\project1\project1\debug\vc140.pdb
e:\opengl\learnopengl\project1\project1\debug\vc140.idb
e:\opengl\learnopengl\project1\project1\debug\glad.obj
e:\opengl\learnopengl\project1\project1\debug\firstwindows.obj
e:\opengl\learnopengl\project1\debug\project1.ilk
e:\opengl\learnopengl\project1\debug\project1.exe
e:\opengl\learnopengl\project1\debug\project1.pdb
j:\homework\learnopengl\firstopengl\project1\project1\debug\firstwindows.obj
j:\homework\learnopengl\firstopengl\project1\project1\debug\glad.obj
j:\homework\learnopengl\firstopengl\project1\project1\debug\vc140.idb
j:\homework\learnopengl\firstopengl\project1\project1\debug\vc140.pdb
j:\homework\learnopengl\firstopengl\project1\debug\project1.pdb
j:\homework\learnopengl\firstopengl\project1\debug\project1.exe
j:\homework\learnopengl\firstopengl\project1\debug\project1.ilk
j:\homework\learnopengl\firstopengl\project1\project1\debug\project1.tlog\cl.command.1.tlog
j:\homework\learnopengl\firstopengl\project1\project1\debug\project1.tlog\cl.read.1.tlog
j:\homework\learnopengl\firstopengl\project1\project1\debug\project1.tlog\cl.write.1.tlog
j:\homework\learnopengl\firstopengl\project1\project1\debug\project1.tlog\link.command.1.tlog
j:\homework\learnopengl\firstopengl\project1\project1\debug\project1.tlog\link.read.1.tlog
j:\homework\learnopengl\firstopengl\project1\project1\debug\project1.tlog\link.write.1.tlog
